<?xml version="1.0" encoding="UTF-8"?>
<!-- Generated by org.testng.reporters.JUnitReportReporter -->
<testsuite skipped="0" hostname="CDC2-D-CG6QXJ2" name="Day1.keywordactions" tests="1" failures="0" timestamp="18 Sep 2019 04:21:05 GMT" time="26.588" errors="0">
  <testcase name="login" time="26.588" classname="Day1.keywordactions"/>
</testsuite> <!-- Day1.keywordactions -->
