<?xml version="1.0" encoding="UTF-8"?>
<!-- Generated by org.testng.reporters.JUnitReportReporter -->
<testsuite skipped="0" hostname="CDC2-D-CG6QXJ2" name="Day1.mouseactions" tests="1" failures="0" timestamp="17 Sep 2019 05:31:14 GMT" time="9.304" errors="0">
  <testcase name="openwebpage" time="9.304" classname="Day1.mouseactions"/>
</testsuite> <!-- Day1.mouseactions -->
