<?xml version="1.0" encoding="UTF-8"?>
<!-- Generated by org.testng.reporters.JUnitReportReporter -->
<testsuite skipped="0" hostname="CDC2-D-CG6QXJ2" name="Day1.javaexecutor" tests="1" failures="0" timestamp="18 Sep 2019 05:08:00 GMT" time="32.461" errors="0">
  <testcase name="javaexecutorcommands" time="32.461" classname="Day1.javaexecutor"/>
</testsuite> <!-- Day1.javaexecutor -->
