<?xml version="1.0" encoding="UTF-8"?>
<!-- Generated by org.testng.reporters.JUnitReportReporter -->
<testsuite skipped="0" hostname="CDC2-D-CG6QXJ2" name="Day1.Fileupload" tests="1" failures="0" timestamp="17 Sep 2019 07:08:39 GMT" time="7.066" errors="0">
  <testcase name="upload" time="7.066" classname="Day1.Fileupload"/>
</testsuite> <!-- Day1.Fileupload -->
