<?xml version="1.0" encoding="UTF-8"?>
<!-- Generated by org.testng.reporters.JUnitReportReporter -->
<testsuite skipped="0" hostname="CDC2-D-CG6QXJ2" name="Day1.Ajaxcode" tests="1" failures="0" timestamp="18 Sep 2019 06:02:50 GMT" time="14.837" errors="0">
  <testcase name="f" time="14.837" classname="Day1.Ajaxcode"/>
</testsuite> <!-- Day1.Ajaxcode -->
