<?xml version="1.0" encoding="UTF-8"?>
<!-- Generated by org.testng.reporters.JUnitReportReporter -->
<testsuite skipped="0" hostname="CDC2-D-CG6QXJ2" name="Day1.cookies" tests="1" failures="0" timestamp="18 Sep 2019 05:55:40 GMT" time="7.403" errors="0">
  <testcase name="cookiesdemo" time="7.403" classname="Day1.cookies"/>
</testsuite> <!-- Day1.cookies -->
