<?xml version="1.0" encoding="UTF-8"?>
<!-- Generated by org.testng.reporters.JUnitReportReporter -->
<testsuite skipped="0" hostname="CDC2-D-CG6QXJ2" name="test.logintest" tests="1" failures="0" timestamp="19 Sep 2019 05:27:44 GMT" time="23.885" errors="0">
  <testcase name="logintestcase" time="23.885" classname="test.logintest"/>
</testsuite> <!-- test.logintest -->
