<?xml version="1.0" encoding="UTF-8"?>
<!-- Generated by org.testng.reporters.JUnitReportReporter -->
<testsuite skipped="0" hostname="CDC2-D-CG6QXJ2" name="Day1.search" tests="1" failures="0" timestamp="17 Sep 2019 05:56:04 GMT" time="109.834" errors="0">
  <testcase name="testkeyboardActions" time="109.834" classname="Day1.search"/>
</testsuite> <!-- Day1.search -->
