<?xml version="1.0" encoding="UTF-8"?>
<!-- Generated by org.testng.reporters.JUnitReportReporter -->
<testsuite skipped="0" hostname="CDC2-D-CG6QXJ2" name="Day1.readxl" tests="1" failures="0" timestamp="19 Sep 2019 04:26:02 GMT" time="29.662" errors="0">
  <testcase name="readdata" time="29.662" classname="Day1.readxl"/>
</testsuite> <!-- Day1.readxl -->
